<?xml version="1.0" encoding="UTF-8"?>
<!-- Generated by org.testng.reporters.JUnitXMLReporter -->
<testsuite ignored="2" hostname="Bhavesh-Lenovo" failures="0" tests="2" name="Sanity Tests" time="8.493" errors="0" timestamp="2025-03-01T23:40:28 IST">
  <testcase classname="test.testex.LoginTestGroup" name="@BeforeClass setUp" time="8.313">
    <failure type="java.lang.NoSuchMethodError" message="&amp;apos;java.nio.file.Path org.openqa.selenium.internal.Require$PathStateChecker.isExecutable()&amp;apos;">
      <![CDATA[java.lang.NoSuchMethodError: 'java.nio.file.Path org.openqa.selenium.internal.Require$PathStateChecker.isExecutable()'
at org.openqa.selenium.remote.service.DriverFinder.getBinaryPaths(DriverFinder.java:118)
at org.openqa.selenium.remote.service.DriverFinder.getDriverPath(DriverFinder.java:55)
at org.openqa.selenium.chrome.ChromeDriver.generateExecutor(ChromeDriver.java:99)
at org.openqa.selenium.chrome.ChromeDriver.<init>(ChromeDriver.java:88)
at org.openqa.selenium.chrome.ChromeDriver.<init>(ChromeDriver.java:83)
at org.openqa.selenium.chrome.ChromeDriver.<init>(ChromeDriver.java:51)
at test.testex.LoginTestGroup.setUp(LoginTestGroup.java:23)
at java.base/java.util.ArrayList.forEach(ArrayList.java:1511)
... Removed 23 stack frames]]>
    </failure>
  </testcase> <!-- @BeforeClass setUp -->
  <testcase classname="test.testex.LoginTestGroup" name="@AfterClass tearDown" time="0.002">
    <failure type="java.lang.NullPointerException" message="Cannot invoke &amp;quot;org.openqa.selenium.WebDriver.quit()&amp;quot; because &amp;quot;this.driver&amp;quot; is null">
      <![CDATA[java.lang.NullPointerException: Cannot invoke "org.openqa.selenium.WebDriver.quit()" because "this.driver" is null
at test.testex.LoginTestGroup.tearDown(LoginTestGroup.java:62)
at java.base/java.util.ArrayList.forEach(ArrayList.java:1511)
... Removed 24 stack frames]]>
    </failure>
  </testcase> <!-- @AfterClass tearDown -->
  <testcase classname="test.testex.LoginTestGroup" name="testLoginPageTitle" time="0.001">
    <skipped/>
  </testcase> <!-- testLoginPageTitle -->
  <testcase classname="test.testex.LoginTestGroup" name="testLoginFormPresence" time="0.0">
    <skipped/>
  </testcase> <!-- testLoginFormPresence -->
  <testcase classname="test.testex.LoginTestGroup" name="testInvalidLogin" time="0.0">
    <ignored/>
  </testcase> <!-- testInvalidLogin -->
  <testcase classname="test.testex.LoginTestGroup" name="testValidLogin" time="0.0">
    <ignored/>
  </testcase> <!-- testValidLogin -->
</testsuite> <!-- Sanity Tests -->
